# JRE version: OpenJDK Runtime Environment Temurin-21.0.8+9 (21.0.8+9) (build 21.0.8+9-LTS)
# Java VM: OpenJDK 64-Bit Server VM Temurin-21.0.8+9 (21.0.8+9-LTS, mixed mode, sharing, tiered, compressed oops, compressed class ptrs, parallel gc, windows-amd64)
GC Precious Log:
 CardTable entry size: 512
 CPUs: 8 total, 8 available
 Memory: 16064M
 Large Page Support: Disabled
 NUMA Support: Disabled
 Compressed Oops: Enabled (32-bit)
 Alignments: Space 512K, Generation 512K, Heap 2M
 Heap Min Capacity: 100M
 Heap Initial Capacity: 100M
 Heap Max Capacity: 2G
 Pre-touch: Disabled
 Parallel Workers: 8
Heap:
 PSYoungGen      total 5632K, used 4494K [0x00000000d5580000, 0x00000000d5e00000, 0x0000000100000000)
  eden space 4096K, 83% used [0x00000000d5580000,0x00000000d58d7838,0x00000000d5980000)
  from space 1536K, 69% used [0x00000000d5c80000,0x00000000d5d8bfd0,0x00000000d5e00000)
  to   space 2048K, 0% used [0x00000000d5a00000,0x00000000d5a00000,0x00000000d5c00000)
 ParOldGen       total 595968K, used 595747K [0x0000000080000000, 0x00000000a4600000, 0x00000000d5580000)
  object space 595968K, 99% used [0x0000000080000000,0x00000000a45c8e20,0x00000000a4600000)
 Metaspace       used 91621K, committed 93184K, reserved 1179648K
  class space    used 9074K, committed 9792K, reserved 1048576K
GC Heap History (20 events):
Event: 267203.811 GC heap before
{Heap before GC invocations=3776 (full 6):
 PSYoungGen      total 5120K, used 4512K [0x00000000d5580000, 0x00000000d5b80000, 0x0000000100000000)
  eden space 4096K, 100% used [0x00000000d5580000,0x00000000d5980000,0x00000000d5980000)
  from space 1024K, 40% used [0x00000000d5a80000,0x00000000d5ae8000,0x00000000d5b80000)
  to   space 1024K, 0% used [0x00000000d5980000,0x00000000d5980000,0x00000000d5a80000)
 ParOldGen       total 590336K, used 590155K [0x0000000080000000, 0x00000000a4080000, 0x00000000d5580000)
  object space 590336K, 99% used [0x0000000080000000,0x00000000a4052c00,0x00000000a4080000)
 Metaspace       used 91618K, committed 93184K, reserved 1179648K
  class space    used 9074K, committed 9792K, reserved 1048576K
}
Event: 267203.812 GC heap after
{Heap after GC invocations=3776 (full 6):
 PSYoungGen      total 5120K, used 448K [0x00000000d5580000, 0x00000000d5b00000, 0x0000000100000000)
  eden space 4096K, 0% used [0x00000000d5580000,0x00000000d5580000,0x00000000d5980000)
  from space 1024K, 43% used [0x00000000d5980000,0x00000000d59f0000,0x00000000d5a80000)
  to   space 512K, 0% used [0x00000000d5a80000,0x00000000d5a80000,0x00000000d5b00000)
 ParOldGen       total 590848K, used 590507K [0x0000000080000000, 0x00000000a4100000, 0x00000000d5580000)
  object space 590848K, 99% used [0x0000000080000000,0x00000000a40aac00,0x00000000a4100000)
 Metaspace       used 91618K, committed 93184K, reserved 1179648K
  class space    used 9074K, committed 9792K, reserved 1048576K
}
Event: 267540.573 GC heap before
{Heap before GC invocations=3777 (full 6):
 PSYoungGen      total 5120K, used 4544K [0x00000000d5580000, 0x00000000d5b00000, 0x0000000100000000)
  eden space 4096K, 100% used [0x00000000d5580000,0x00000000d5980000,0x00000000d5980000)
  from space 1024K, 43% used [0x00000000d5980000,0x00000000d59f0000,0x00000000d5a80000)
  to   space 512K, 0% used [0x00000000d5a80000,0x00000000d5a80000,0x00000000d5b00000)
 ParOldGen       total 590848K, used 590507K [0x0000000080000000, 0x00000000a4100000, 0x00000000d5580000)
  object space 590848K, 99% used [0x0000000080000000,0x00000000a40aac00,0x00000000a4100000)
 Metaspace       used 91618K, committed 93184K, reserved 1179648K
  class space    used 9074K, committed 9792K, reserved 1048576K
}
Event: 267540.578 GC heap after
{Heap after GC invocations=3777 (full 6):
 PSYoungGen      total 4608K, used 435K [0x00000000d5580000, 0x00000000d5b00000, 0x0000000100000000)
  eden space 4096K, 0% used [0x00000000d5580000,0x00000000d5580000,0x00000000d5980000)
  from space 512K, 85% used [0x00000000d5a80000,0x00000000d5aecd10,0x00000000d5b00000)
  to   space 512K, 0% used [0x00000000d5a00000,0x00000000d5a00000,0x00000000d5a80000)
 ParOldGen       total 590848K, used 590831K [0x0000000080000000, 0x00000000a4100000, 0x00000000d5580000)
  object space 590848K, 99% used [0x0000000080000000,0x00000000a40fbc10,0x00000000a4100000)
 Metaspace       used 91618K, committed 93184K, reserved 1179648K
  class space    used 9074K, committed 9792K, reserved 1048576K
}
Event: 267541.200 GC heap before
{Heap before GC invocations=3778 (full 6):
 PSYoungGen      total 4608K, used 4317K [0x00000000d5580000, 0x00000000d5b00000, 0x0000000100000000)
  eden space 4096K, 94% used [0x00000000d5580000,0x00000000d594aa50,0x00000000d5980000)
  from space 512K, 85% used [0x00000000d5a80000,0x00000000d5aecd10,0x00000000d5b00000)
  to   space 512K, 0% used [0x00000000d5a00000,0x00000000d5a00000,0x00000000d5a80000)
 ParOldGen       total 590848K, used 590831K [0x0000000080000000, 0x00000000a4100000, 0x00000000d5580000)
  object space 590848K, 99% used [0x0000000080000000,0x00000000a40fbc10,0x00000000a4100000)
 Metaspace       used 91620K, committed 93184K, reserved 1179648K
  class space    used 9074K, committed 9792K, reserved 1048576K
}
Event: 267541.203 GC heap after
{Heap after GC invocations=3778 (full 6):
 PSYoungGen      total 4608K, used 416K [0x00000000d5580000, 0x00000000d5b00000, 0x0000000100000000)
  eden space 4096K, 0% used [0x00000000d5580000,0x00000000d5580000,0x00000000d5980000)
  from space 512K, 81% used [0x00000000d5a00000,0x00000000d5a68020,0x00000000d5a80000)
  to   space 512K, 0% used [0x00000000d5a80000,0x00000000d5a80000,0x00000000d5b00000)
 ParOldGen       total 591360K, used 591170K [0x0000000080000000, 0x00000000a4180000, 0x00000000d5580000)
  object space 591360K, 99% used [0x0000000080000000,0x00000000a4150bb0,0x00000000a4180000)
 Metaspace       used 91620K, committed 93184K, reserved 1179648K
  class space    used 9074K, committed 9792K, reserved 1048576K
}
Event: 267541.316 GC heap before
{Heap before GC invocations=3779 (full 6):
 PSYoungGen      total 4608K, used 4512K [0x00000000d5580000, 0x00000000d5b00000, 0x0000000100000000)
  eden space 4096K, 100% used [0x00000000d5580000,0x00000000d5980000,0x00000000d5980000)
  from space 512K, 81% used [0x00000000d5a00000,0x00000000d5a68020,0x00000000d5a80000)
  to   space 512K, 0% used [0x00000000d5a80000,0x00000000d5a80000,0x00000000d5b00000)
 ParOldGen       total 591360K, used 591170K [0x0000000080000000, 0x00000000a4180000, 0x00000000d5580000)
  object space 591360K, 99% used [0x0000000080000000,0x00000000a4150bb0,0x00000000a4180000)
 Metaspace       used 91620K, committed 93184K, reserved 1179648K
  class space    used 9074K, committed 9792K, reserved 1048576K
}
Event: 267541.320 GC heap after
{Heap after GC invocations=3779 (full 6):
 PSYoungGen      total 4608K, used 410K [0x00000000d5580000, 0x00000000d5b00000, 0x0000000100000000)
  eden space 4096K, 0% used [0x00000000d5580000,0x00000000d5580000,0x00000000d5980000)
  from space 512K, 80% used [0x00000000d5a80000,0x00000000d5ae6920,0x00000000d5b00000)
  to   space 512K, 0% used [0x00000000d5a00000,0x00000000d5a00000,0x00000000d5a80000)
 ParOldGen       total 591872K, used 591450K [0x0000000080000000, 0x00000000a4200000, 0x00000000d5580000)
  object space 591872K, 99% used [0x0000000080000000,0x00000000a4196be0,0x00000000a4200000)
 Metaspace       used 91620K, committed 93184K, reserved 1179648K
  class space    used 9074K, committed 9792K, reserved 1048576K
}
Event: 267541.362 GC heap before
{Heap before GC invocations=3780 (full 6):
 PSYoungGen      total 4608K, used 4506K [0x00000000d5580000, 0x00000000d5b00000, 0x0000000100000000)
  eden space 4096K, 100% used [0x00000000d5580000,0x00000000d5980000,0x00000000d5980000)
  from space 512K, 80% used [0x00000000d5a80000,0x00000000d5ae6920,0x00000000d5b00000)
  to   space 512K, 0% used [0x00000000d5a00000,0x00000000d5a00000,0x00000000d5a80000)
 ParOldGen       total 591872K, used 591450K [0x0000000080000000, 0x00000000a4200000, 0x00000000d5580000)
  object space 591872K, 99% used [0x0000000080000000,0x00000000a4196be0,0x00000000a4200000)
 Metaspace       used 91620K, committed 93184K, reserved 1179648K
  class space    used 9074K, committed 9792K, reserved 1048576K
}
Event: 267541.365 GC heap after
{Heap after GC invocations=3780 (full 6):
 PSYoungGen      total 4608K, used 512K [0x00000000d5580000, 0x00000000d5c80000, 0x0000000100000000)
  eden space 4096K, 0% used [0x00000000d5580000,0x00000000d5580000,0x00000000d5980000)
  from space 512K, 100% used [0x00000000d5a00000,0x00000000d5a80000,0x00000000d5a80000)
  to   space 1536K, 0% used [0x00000000d5b00000,0x00000000d5b00000,0x00000000d5c80000)
 ParOldGen       total 592384K, used 591937K [0x0000000080000000, 0x00000000a4280000, 0x00000000d5580000)
  object space 592384K, 99% used [0x0000000080000000,0x00000000a42107f0,0x00000000a4280000)
 Metaspace       used 91620K, committed 93184K, reserved 1179648K
  class space    used 9074K, committed 9792K, reserved 1048576K
}
Event: 267541.395 GC heap before
{Heap before GC invocations=3781 (full 6):
 PSYoungGen      total 4608K, used 4608K [0x00000000d5580000, 0x00000000d5c80000, 0x0000000100000000)
  eden space 4096K, 100% used [0x00000000d5580000,0x00000000d5980000,0x00000000d5980000)
  from space 512K, 100% used [0x00000000d5a00000,0x00000000d5a80000,0x00000000d5a80000)
  to   space 1536K, 0% used [0x00000000d5b00000,0x00000000d5b00000,0x00000000d5c80000)
 ParOldGen       total 592384K, used 591937K [0x0000000080000000, 0x00000000a4280000, 0x00000000d5580000)
  object space 592384K, 99% used [0x0000000080000000,0x00000000a42107f0,0x00000000a4280000)
 Metaspace       used 91620K, committed 93184K, reserved 1179648K
  class space    used 9074K, committed 9792K, reserved 1048576K
}
Event: 267541.398 GC heap after
{Heap after GC invocations=3781 (full 6):
 PSYoungGen      total 5120K, used 704K [0x00000000d5580000, 0x00000000d5c00000, 0x0000000100000000)
  eden space 4096K, 0% used [0x00000000d5580000,0x00000000d5580000,0x00000000d5980000)
  from space 1024K, 68% used [0x00000000d5b00000,0x00000000d5bb0000,0x00000000d5c00000)
  to   space 1024K, 0% used [0x00000000d5a00000,0x00000000d5a00000,0x00000000d5b00000)
 ParOldGen       total 592896K, used 592465K [0x0000000080000000, 0x00000000a4300000, 0x00000000d5580000)
  object space 592896K, 99% used [0x0000000080000000,0x00000000a42947f0,0x00000000a4300000)
 Metaspace       used 91620K, committed 93184K, reserved 1179648K
  class space    used 9074K, committed 9792K, reserved 1048576K
}
Event: 267541.423 GC heap before
{Heap before GC invocations=3782 (full 6):
 PSYoungGen      total 5120K, used 4796K [0x00000000d5580000, 0x00000000d5c00000, 0x0000000100000000)
  eden space 4096K, 99% used [0x00000000d5580000,0x00000000d597f030,0x00000000d5980000)
  from space 1024K, 68% used [0x00000000d5b00000,0x00000000d5bb0000,0x00000000d5c00000)
  to   space 1024K, 0% used [0x00000000d5a00000,0x00000000d5a00000,0x00000000d5b00000)
 ParOldGen       total 592896K, used 592465K [0x0000000080000000, 0x00000000a4300000, 0x00000000d5580000)
  object space 592896K, 99% used [0x0000000080000000,0x00000000a42947f0,0x00000000a4300000)
 Metaspace       used 91620K, committed 93184K, reserved 1179648K
  class space    used 9074K, committed 9792K, reserved 1048576K
}
Event: 267541.426 GC heap after
{Heap after GC invocations=3782 (full 6):
 PSYoungGen      total 5120K, used 1022K [0x00000000d5580000, 0x00000000d5c80000, 0x0000000100000000)
  eden space 4096K, 0% used [0x00000000d5580000,0x00000000d5580000,0x00000000d5980000)
  from space 1024K, 99% used [0x00000000d5a00000,0x00000000d5aff968,0x00000000d5b00000)
  to   space 1536K, 0% used [0x00000000d5b00000,0x00000000d5b00000,0x00000000d5c80000)
 ParOldGen       total 593408K, used 593033K [0x0000000080000000, 0x00000000a4380000, 0x00000000d5580000)
  object space 593408K, 99% used [0x0000000080000000,0x00000000a43227f0,0x00000000a4380000)
 Metaspace       used 91620K, committed 93184K, reserved 1179648K
  class space    used 9074K, committed 9792K, reserved 1048576K
}
Event: 267541.453 GC heap before
{Heap before GC invocations=3783 (full 6):
 PSYoungGen      total 5120K, used 5118K [0x00000000d5580000, 0x00000000d5c80000, 0x0000000100000000)
  eden space 4096K, 100% used [0x00000000d5580000,0x00000000d5980000,0x00000000d5980000)
  from space 1024K, 99% used [0x00000000d5a00000,0x00000000d5aff968,0x00000000d5b00000)
  to   space 1536K, 0% used [0x00000000d5b00000,0x00000000d5b00000,0x00000000d5c80000)
 ParOldGen       total 593408K, used 593033K [0x0000000080000000, 0x00000000a4380000, 0x00000000d5580000)
  object space 593408K, 99% used [0x0000000080000000,0x00000000a43227f0,0x00000000a4380000)
 Metaspace       used 91620K, committed 93184K, reserved 1179648K
  class space    used 9074K, committed 9792K, reserved 1048576K
}
Event: 267541.456 GC heap after
{Heap after GC invocations=3783 (full 6):
 PSYoungGen      total 5120K, used 687K [0x00000000d5580000, 0x00000000d5c00000, 0x0000000100000000)
  eden space 4096K, 0% used [0x00000000d5580000,0x00000000d5580000,0x00000000d5980000)
  from space 1024K, 67% used [0x00000000d5b00000,0x00000000d5babee8,0x00000000d5c00000)
  to   space 1024K, 0% used [0x00000000d5a00000,0x00000000d5a00000,0x00000000d5b00000)
 ParOldGen       total 593920K, used 593711K [0x0000000080000000, 0x00000000a4400000, 0x00000000d5580000)
  object space 593920K, 99% used [0x0000000080000000,0x00000000a43cbc58,0x00000000a4400000)
 Metaspace       used 91620K, committed 93184K, reserved 1179648K
  class space    used 9074K, committed 9792K, reserved 1048576K
}
Event: 267541.501 GC heap before
{Heap before GC invocations=3784 (full 6):
 PSYoungGen      total 5120K, used 4783K [0x00000000d5580000, 0x00000000d5c00000, 0x0000000100000000)
  eden space 4096K, 100% used [0x00000000d5580000,0x00000000d5980000,0x00000000d5980000)
  from space 1024K, 67% used [0x00000000d5b00000,0x00000000d5babee8,0x00000000d5c00000)
  to   space 1024K, 0% used [0x00000000d5a00000,0x00000000d5a00000,0x00000000d5b00000)
 ParOldGen       total 593920K, used 593711K [0x0000000080000000, 0x00000000a4400000, 0x00000000d5580000)
  object space 593920K, 99% used [0x0000000080000000,0x00000000a43cbc58,0x00000000a4400000)
 Metaspace       used 91620K, committed 93184K, reserved 1179648K
  class space    used 9074K, committed 9792K, reserved 1048576K
}
Event: 267541.505 GC heap after
{Heap after GC invocations=3784 (full 6):
 PSYoungGen      total 5120K, used 1004K [0x00000000d5580000, 0x00000000d5f80000, 0x0000000100000000)
  eden space 4096K, 0% used [0x00000000d5580000,0x00000000d5580000,0x00000000d5980000)
  from space 1024K, 98% used [0x00000000d5a00000,0x00000000d5afb3b8,0x00000000d5b00000)
  to   space 3072K, 0% used [0x00000000d5c80000,0x00000000d5c80000,0x00000000d5f80000)
 ParOldGen       total 595456K, used 595405K [0x0000000080000000, 0x00000000a4580000, 0x00000000d5580000)
  object space 595456K, 99% used [0x0000000080000000,0x00000000a45736a0,0x00000000a4580000)
 Metaspace       used 91620K, committed 93184K, reserved 1179648K
  class space    used 9074K, committed 9792K, reserved 1048576K
}
Event: 267541.567 GC heap before
{Heap before GC invocations=3785 (full 6):
 PSYoungGen      total 5120K, used 5095K [0x00000000d5580000, 0x00000000d5f80000, 0x0000000100000000)
  eden space 4096K, 99% used [0x00000000d5580000,0x00000000d597e890,0x00000000d5980000)
  from space 1024K, 98% used [0x00000000d5a00000,0x00000000d5afb3b8,0x00000000d5b00000)
  to   space 3072K, 0% used [0x00000000d5c80000,0x00000000d5c80000,0x00000000d5f80000)
 ParOldGen       total 595456K, used 595405K [0x0000000080000000, 0x00000000a4580000, 0x00000000d5580000)
  object space 595456K, 99% used [0x0000000080000000,0x00000000a45736a0,0x00000000a4580000)
 Metaspace       used 91620K, committed 93184K, reserved 1179648K
  class space    used 9074K, committed 9792K, reserved 1048576K
}
Event: 267541.570 GC heap after
{Heap after GC invocations=3785 (full 6):
 PSYoungGen      total 5632K, used 1071K [0x00000000d5580000, 0x00000000d5e00000, 0x0000000100000000)
  eden space 4096K, 0% used [0x00000000d5580000,0x00000000d5580000,0x00000000d5980000)
  from space 1536K, 69% used [0x00000000d5c80000,0x00000000d5d8bfd0,0x00000000d5e00000)
  to   space 2048K, 0% used [0x00000000d5a00000,0x00000000d5a00000,0x00000000d5c00000)
 ParOldGen       total 595968K, used 595747K [0x0000000080000000, 0x00000000a4600000, 0x00000000d5580000)
  object space 595968K, 99% used [0x0000000080000000,0x00000000a45c8e20,0x00000000a4600000)
 Metaspace       used 91620K, committed 93184K, reserved 1179648K
  class space    used 9074K, committed 9792K, reserved 1048576K
}

